<?xml version="1.0" encoding="UTF-8"?>
<robot generator="Robot 7.0 (Python 3.12.3 on linux)" generated="2024-05-25T18:50:26.751600" rpa="false" schemaversion="5">
<suite id="s1" name="Tests" source="/home/rik/workspace/robot/thomas-book/bookstore-demo-test/tests">
<suite id="s1-s1" name="Register Test" source="/home/rik/workspace/robot/thomas-book/bookstore-demo-test/tests/register_test.robot">
<test id="s1-s1-t1" name="Scenario: Successfully sign in as a natural person" line="18">
<kw name="Open Browser" owner="SeleniumLibrary" type="SETUP">
<msg time="2024-05-25T18:50:27.005578" level="INFO">Opening browser 'chrome' to base url 'http://127.0.0.1:5173/'.</msg>
<arg>${URL}</arg>
<arg>${BROWSER}</arg>
<doc>Opens a new browser instance to the optional ``url``.</doc>
<status status="PASS" start="2024-05-25T18:50:27.004855" elapsed="4.293489"/>
</kw>
<kw name="Given I am on Bookstore Demo web site" owner="home">
<kw name="Title Should Be" owner="SeleniumLibrary">
<msg time="2024-05-25T18:50:31.314927" level="INFO">Page title is 'Bookstore Demo'.</msg>
<arg>Bookstore Demo</arg>
<doc>Verifies that the current page title equals ``title``.</doc>
<status status="PASS" start="2024-05-25T18:50:31.300690" elapsed="0.014486"/>
</kw>
<status status="PASS" start="2024-05-25T18:50:31.299765" elapsed="0.015760"/>
</kw>
<kw name="And I go to log in or sign in page" owner="menu">
<kw name="Click Link" owner="SeleniumLibrary">
<msg time="2024-05-25T18:50:31.318358" level="INFO">Clicking link 'Minha conta'.</msg>
<arg>${MY_ACCOUNT_BUTTON}</arg>
<doc>Clicks a link identified by ``locator``.</doc>
<status status="PASS" start="2024-05-25T18:50:31.317284" elapsed="0.146263"/>
</kw>
<status status="PASS" start="2024-05-25T18:50:31.316414" elapsed="0.147493"/>
</kw>
<kw name="When I fill register Form" owner="register">
<kw name="Input Text" owner="SeleniumLibrary">
<msg time="2024-05-25T18:50:31.466595" level="INFO">Typing text 'Lorem ipsum' into text field 'id:register-name'.</msg>
<arg>${NAME_TEXT_FIELD}</arg>
<arg>${name}</arg>
<doc>Types the given ``text`` into the text field identified by ``locator``.</doc>
<status status="PASS" start="2024-05-25T18:50:31.465910" elapsed="0.245795"/>
</kw>
<kw name="Input Text" owner="SeleniumLibrary">
<msg time="2024-05-25T18:50:31.713059" level="INFO">Typing text 'lorem@ipsum.com' into text field 'id:register-mail'.</msg>
<arg>${MAIL_TEXT_FIELD}</arg>
<arg>${mail}</arg>
<doc>Types the given ``text`` into the text field identified by ``locator``.</doc>
<status status="PASS" start="2024-05-25T18:50:31.712220" elapsed="0.190397"/>
</kw>
<kw name="Input Password" owner="SeleniumLibrary">
<msg time="2024-05-25T18:50:31.903697" level="INFO">Typing password into text field 'id:register-pass'.</msg>
<msg time="2024-05-25T18:50:31.976179" level="INFO">Temporally setting log level to: NONE</msg>
<arg>${PASS_TEXT_FIELD}</arg>
<arg>${pass}</arg>
<doc>Types the given password into the text field identified by ``locator``.</doc>
<status status="PASS" start="2024-05-25T18:50:31.903051" elapsed="0.167267"/>
</kw>
<kw name="Input Password" owner="SeleniumLibrary">
<msg time="2024-05-25T18:50:32.071482" level="INFO">Typing password into text field 'id:register-confirm-pass'.</msg>
<msg time="2024-05-25T18:50:32.161461" level="INFO">Temporally setting log level to: NONE</msg>
<arg>${CONFIRM_PASS_TEXT_FIELD}</arg>
<arg>${confirm_pass}</arg>
<doc>Types the given password into the text field identified by ``locator``.</doc>
<status status="PASS" start="2024-05-25T18:50:32.070856" elapsed="0.184935"/>
</kw>
<kw name="Select From List By Label" owner="SeleniumLibrary">
<msg time="2024-05-25T18:50:32.257024" level="INFO">Selecting options from selection list 'id:register-user-type' by label Pessoa Física.</msg>
<arg>${BUSINESS_ENTITY_COMBOBOX}</arg>
<arg>${business_entity}</arg>
<doc>Selects options from selection list ``locator`` by ``labels``.</doc>
<status status="PASS" start="2024-05-25T18:50:32.256346" elapsed="0.101247"/>
</kw>
<arg>name=Lorem ipsum</arg>
<arg>mail=lorem@ipsum.com</arg>
<arg>pass=foo123</arg>
<arg>confirm_pass=foo123</arg>
<arg>business_entity=Pessoa Física</arg>
<status status="PASS" start="2024-05-25T18:50:31.464747" elapsed="0.893094"/>
</kw>
<kw name="And I accept the terms of use" owner="register">
<kw name="Select Checkbox" owner="SeleniumLibrary">
<msg time="2024-05-25T18:50:32.359466" level="INFO">Selecting checkbox 'id:terms-of-use'.</msg>
<arg>${TERMS_OF_USE_CHECKBOX}</arg>
<doc>Selects the checkbox identified by ``locator``.</doc>
<status status="PASS" start="2024-05-25T18:50:32.359035" elapsed="0.152040"/>
</kw>
<status status="PASS" start="2024-05-25T18:50:32.358473" elapsed="0.152967"/>
</kw>
<kw name="And I submit register form" owner="register">
<kw name="Submit Form" owner="SeleniumLibrary">
<msg time="2024-05-25T18:50:32.514098" level="INFO">Submitting form 'name:register'.</msg>
<arg>${REGISTER_BUTTON}</arg>
<doc>Submits a form identified by ``locator``.</doc>
<status status="PASS" start="2024-05-25T18:50:32.513261" elapsed="0.055194"/>
</kw>
<status status="PASS" start="2024-05-25T18:50:32.512290" elapsed="0.056474"/>
</kw>
<kw name="Then I should see a success message" owner="register">
<kw name="Wait Until Page Contains" owner="SeleniumLibrary">
<arg>Lorem ipsum, teu cadastro foi realizado com sucesso!</arg>
<doc>Waits until ``text`` appears on the current page.</doc>
<status status="PASS" start="2024-05-25T18:50:32.570590" elapsed="0.046431"/>
</kw>
<arg>message=Lorem ipsum, teu cadastro foi realizado com sucesso!</arg>
<status status="PASS" start="2024-05-25T18:50:32.569516" elapsed="0.047807"/>
</kw>
<kw name="And I should see My Wish List" owner="account">
<kw name="Page Should Contain Link" owner="SeleniumLibrary">
<msg time="2024-05-25T18:50:32.656821" level="INFO">Current page contains link '/my-wish-list'.</msg>
<arg>${MY_WISH_LIST_LINK}</arg>
<doc>Verifies link identified by ``locator`` is found from current page.</doc>
<status status="PASS" start="2024-05-25T18:50:32.618801" elapsed="0.038229"/>
</kw>
<status status="PASS" start="2024-05-25T18:50:32.618033" elapsed="0.039250"/>
</kw>
<kw name="And I should see My Orders" owner="account">
<kw name="Page Should Contain Link" owner="SeleniumLibrary">
<msg time="2024-05-25T18:50:32.694759" level="INFO">Current page contains link '/my-orders'.</msg>
<arg>${MY_ORDERS_LINK}</arg>
<doc>Verifies link identified by ``locator`` is found from current page.</doc>
<status status="PASS" start="2024-05-25T18:50:32.658644" elapsed="0.036300"/>
</kw>
<status status="PASS" start="2024-05-25T18:50:32.657970" elapsed="0.037199"/>
</kw>
<kw name="Close Browser" owner="SeleniumLibrary" type="TEARDOWN">
<doc>Closes the current browser.</doc>
<status status="PASS" start="2024-05-25T18:50:32.696012" elapsed="0.090956"/>
</kw>
<status status="PASS" start="2024-05-25T18:50:27.002525" elapsed="5.784936"/>
</test>
<test id="s1-s1-t2" name="Scenario: Successfully sign in as a juridical person" line="31">
<kw name="Open Browser" owner="SeleniumLibrary" type="SETUP">
<msg time="2024-05-25T18:50:32.790853" level="INFO">Opening browser 'chrome' to base url 'http://127.0.0.1:5173/'.</msg>
<arg>${URL}</arg>
<arg>${BROWSER}</arg>
<doc>Opens a new browser instance to the optional ``url``.</doc>
<status status="PASS" start="2024-05-25T18:50:32.789984" elapsed="3.443094"/>
</kw>
<kw name="Given I am on Bookstore Demo web site" owner="home">
<kw name="Title Should Be" owner="SeleniumLibrary">
<msg time="2024-05-25T18:50:36.251462" level="INFO">Page title is 'Bookstore Demo'.</msg>
<arg>Bookstore Demo</arg>
<doc>Verifies that the current page title equals ``title``.</doc>
<status status="PASS" start="2024-05-25T18:50:36.235473" elapsed="0.016291"/>
</kw>
<status status="PASS" start="2024-05-25T18:50:36.234421" elapsed="0.017721"/>
</kw>
<kw name="And I go to log in or sign in page" owner="menu">
<kw name="Click Link" owner="SeleniumLibrary">
<msg time="2024-05-25T18:50:36.254764" level="INFO">Clicking link 'Minha conta'.</msg>
<arg>${MY_ACCOUNT_BUTTON}</arg>
<doc>Clicks a link identified by ``locator``.</doc>
<status status="PASS" start="2024-05-25T18:50:36.254083" elapsed="0.143272"/>
</kw>
<status status="PASS" start="2024-05-25T18:50:36.253325" elapsed="0.144320"/>
</kw>
<kw name="When I fill register Form" owner="register">
<kw name="Input Text" owner="SeleniumLibrary">
<msg time="2024-05-25T18:50:36.399174" level="INFO">Typing text 'Lorem ipsum LTDA' into text field 'id:register-name'.</msg>
<arg>${NAME_TEXT_FIELD}</arg>
<arg>${name}</arg>
<doc>Types the given ``text`` into the text field identified by ``locator``.</doc>
<status status="PASS" start="2024-05-25T18:50:36.398797" elapsed="0.266053"/>
</kw>
<kw name="Input Text" owner="SeleniumLibrary">
<msg time="2024-05-25T18:50:36.665964" level="INFO">Typing text 'contact@ipsum.com' into text field 'id:register-mail'.</msg>
<arg>${MAIL_TEXT_FIELD}</arg>
<arg>${mail}</arg>
<doc>Types the given ``text`` into the text field identified by ``locator``.</doc>
<status status="PASS" start="2024-05-25T18:50:36.665326" elapsed="0.143489"/>
</kw>
<kw name="Input Password" owner="SeleniumLibrary">
<msg time="2024-05-25T18:50:36.809777" level="INFO">Typing password into text field 'id:register-pass'.</msg>
<msg time="2024-05-25T18:50:36.884345" level="INFO">Temporally setting log level to: NONE</msg>
<arg>${PASS_TEXT_FIELD}</arg>
<arg>${pass}</arg>
<doc>Types the given password into the text field identified by ``locator``.</doc>
<status status="PASS" start="2024-05-25T18:50:36.809198" elapsed="0.150847"/>
</kw>
<kw name="Input Password" owner="SeleniumLibrary">
<msg time="2024-05-25T18:50:36.960844" level="INFO">Typing password into text field 'id:register-confirm-pass'.</msg>
<msg time="2024-05-25T18:50:37.051444" level="INFO">Temporally setting log level to: NONE</msg>
<arg>${CONFIRM_PASS_TEXT_FIELD}</arg>
<arg>${confirm_pass}</arg>
<doc>Types the given password into the text field identified by ``locator``.</doc>
<status status="PASS" start="2024-05-25T18:50:36.960410" elapsed="0.198182"/>
</kw>
<kw name="Select From List By Label" owner="SeleniumLibrary">
<msg time="2024-05-25T18:50:37.159791" level="INFO">Selecting options from selection list 'id:register-user-type' by label Pessoa Jurídica.</msg>
<arg>${BUSINESS_ENTITY_COMBOBOX}</arg>
<arg>${business_entity}</arg>
<doc>Selects options from selection list ``locator`` by ``labels``.</doc>
<status status="PASS" start="2024-05-25T18:50:37.159121" elapsed="0.156525"/>
</kw>
<arg>name=Lorem ipsum LTDA</arg>
<arg>mail=contact@ipsum.com</arg>
<arg>pass=foo123</arg>
<arg>confirm_pass=foo123</arg>
<arg>business_entity=Pessoa Jurídica</arg>
<status status="PASS" start="2024-05-25T18:50:36.398150" elapsed="0.917844"/>
</kw>
<kw name="And I accept the terms of use" owner="register">
<kw name="Select Checkbox" owner="SeleniumLibrary">
<msg time="2024-05-25T18:50:37.317519" level="INFO">Selecting checkbox 'id:terms-of-use'.</msg>
<arg>${TERMS_OF_USE_CHECKBOX}</arg>
<doc>Selects the checkbox identified by ``locator``.</doc>
<status status="PASS" start="2024-05-25T18:50:37.317139" elapsed="0.174703"/>
</kw>
<status status="PASS" start="2024-05-25T18:50:37.316599" elapsed="0.175531"/>
</kw>
<kw name="And I submit register form" owner="register">
<kw name="Submit Form" owner="SeleniumLibrary">
<msg time="2024-05-25T18:50:37.494194" level="INFO">Submitting form 'name:register'.</msg>
<arg>${REGISTER_BUTTON}</arg>
<doc>Submits a form identified by ``locator``.</doc>
<status status="PASS" start="2024-05-25T18:50:37.493679" elapsed="0.067064"/>
</kw>
<status status="PASS" start="2024-05-25T18:50:37.492944" elapsed="0.068091"/>
</kw>
<kw name="Then I should see a success message" owner="register">
<kw name="Wait Until Page Contains" owner="SeleniumLibrary">
<arg>Lorem ipsum, teu cadastro foi realizado com sucesso!</arg>
<doc>Waits until ``text`` appears on the current page.</doc>
<status status="PASS" start="2024-05-25T18:50:37.562609" elapsed="0.058359"/>
</kw>
<arg>message=Lorem ipsum LTDA, teu cadastro foi realizado com sucesso!</arg>
<status status="PASS" start="2024-05-25T18:50:37.561781" elapsed="0.059535"/>
</kw>
<kw name="And I should see My Wish List" owner="account">
<kw name="Page Should Contain Link" owner="SeleniumLibrary">
<msg time="2024-05-25T18:50:37.667790" level="INFO">Current page contains link '/my-wish-list'.</msg>
<arg>${MY_WISH_LIST_LINK}</arg>
<doc>Verifies link identified by ``locator`` is found from current page.</doc>
<status status="PASS" start="2024-05-25T18:50:37.622902" elapsed="0.045159"/>
</kw>
<status status="PASS" start="2024-05-25T18:50:37.622158" elapsed="0.046270"/>
</kw>
<kw name="And I should see My Orders" owner="account">
<kw name="Page Should Contain Link" owner="SeleniumLibrary">
<msg time="2024-05-25T18:50:37.707805" level="INFO">Current page contains link '/my-orders'.</msg>
<arg>${MY_ORDERS_LINK}</arg>
<doc>Verifies link identified by ``locator`` is found from current page.</doc>
<status status="PASS" start="2024-05-25T18:50:37.670308" elapsed="0.037960"/>
</kw>
<status status="PASS" start="2024-05-25T18:50:37.669340" elapsed="0.039207"/>
</kw>
<kw name="Close Browser" owner="SeleniumLibrary" type="TEARDOWN">
<doc>Closes the current browser.</doc>
<status status="PASS" start="2024-05-25T18:50:37.709286" elapsed="0.074737"/>
</kw>
<status status="PASS" start="2024-05-25T18:50:32.788614" elapsed="4.995803"/>
</test>
<doc>As a e-commerce customer, i wish to make my
registration to the system so i can visualize
my orders and wishlist.</doc>
<status status="PASS" start="2024-05-25T18:50:26.794458" elapsed="10.991459"/>
</suite>
<status status="PASS" start="2024-05-25T18:50:26.752976" elapsed="11.034777"/>
</suite>
<statistics>
<total>
<stat pass="2" fail="0" skip="0">All Tests</stat>
</total>
<tag>
</tag>
<suite>
<stat pass="2" fail="0" skip="0" id="s1" name="Tests">Tests</stat>
<stat pass="2" fail="0" skip="0" id="s1-s1" name="Register Test">Tests.Register Test</stat>
</suite>
</statistics>
<errors>
</errors>
</robot>
