<?xml version="1.0" encoding="UTF-8"?>
<robot generator="Robot 7.0 (Python 3.12.3 on linux)" generated="2024-05-25T19:08:45.329036" rpa="false" schemaversion="5">
<suite id="s1" name="Tests" source="/home/rik/workspace/robot/thomas-book/bookstore-demo-test/tests">
<suite id="s1-s1" name="Register Test" source="/home/rik/workspace/robot/thomas-book/bookstore-demo-test/tests/register_test.robot">
<test id="s1-s1-t1" name="Scenario: Successfully sign in as a natural person" line="18">
<kw name="Open Browser" owner="SeleniumLibrary" type="SETUP">
<msg time="2024-05-25T19:08:45.565370" level="INFO">Opening browser 'chrome' to base url 'http://127.0.0.1:5173/'.</msg>
<arg>${URL}</arg>
<arg>${BROWSER}</arg>
<doc>Opens a new browser instance to the optional ``url``.</doc>
<status status="PASS" start="2024-05-25T19:08:45.564854" elapsed="4.229764"/>
</kw>
<kw name="Given I am on Bookstore Demo web site" owner="home">
<kw name="Title Should Be" owner="SeleniumLibrary">
<msg time="2024-05-25T19:08:49.810566" level="INFO">Page title is 'Bookstore Demo'.</msg>
<arg>Bookstore Demo</arg>
<doc>Verifies that the current page title equals ``title``.</doc>
<status status="PASS" start="2024-05-25T19:08:49.796626" elapsed="0.014238"/>
</kw>
<status status="PASS" start="2024-05-25T19:08:49.795807" elapsed="0.015553"/>
</kw>
<kw name="And I go to log in or sign in page" owner="menu">
<kw name="Click Link" owner="SeleniumLibrary">
<msg time="2024-05-25T19:08:49.815562" level="INFO">Clicking link 'Minha conta'.</msg>
<arg>${MY_ACCOUNT_BUTTON}</arg>
<doc>Clicks a link identified by ``locator``.</doc>
<status status="PASS" start="2024-05-25T19:08:49.813639" elapsed="0.161842"/>
</kw>
<status status="PASS" start="2024-05-25T19:08:49.812558" elapsed="0.163328"/>
</kw>
<kw name="When I fill Lorem ipsum in name text field" owner="register" source_name="I fill ${name} in name text field">
<kw name="Input Text" owner="SeleniumLibrary">
<msg time="2024-05-25T19:08:49.979432" level="INFO">Typing text 'Lorem ipsum' into text field 'id:register-name'.</msg>
<arg>${NAME_TEXT_FIELD}</arg>
<arg>${name}</arg>
<doc>Types the given ``text`` into the text field identified by ``locator``.</doc>
<status status="PASS" start="2024-05-25T19:08:49.978561" elapsed="0.235096"/>
</kw>
<status status="PASS" start="2024-05-25T19:08:49.977042" elapsed="0.237006"/>
</kw>
<kw name="And I fill lorem@ipsum.com in e-mail text field" owner="register" source_name="I fill ${mail} in e-mail text field">
<kw name="Input Text" owner="SeleniumLibrary">
<msg time="2024-05-25T19:08:50.217226" level="INFO">Typing text 'lorem@ipsum.com' into text field 'id:register-mail'.</msg>
<arg>${MAIL_TEXT_FIELD}</arg>
<arg>${mail}</arg>
<doc>Types the given ``text`` into the text field identified by ``locator``.</doc>
<status status="PASS" start="2024-05-25T19:08:50.216530" elapsed="0.171558"/>
</kw>
<status status="PASS" start="2024-05-25T19:08:50.215350" elapsed="0.172989"/>
</kw>
<kw name="And I fill foo123 in password text field" owner="register" source_name="I fill ${pass} in password text field">
<kw name="Input Password" owner="SeleniumLibrary">
<msg time="2024-05-25T19:08:50.390456" level="INFO">Typing password into text field 'id:register-pass'.</msg>
<msg time="2024-05-25T19:08:50.482876" level="INFO">Temporally setting log level to: NONE</msg>
<arg>${PASS_TEXT_FIELD}</arg>
<arg>${pass}</arg>
<doc>Types the given password into the text field identified by ``locator``.</doc>
<status status="PASS" start="2024-05-25T19:08:50.389880" elapsed="0.208245"/>
</kw>
<status status="PASS" start="2024-05-25T19:08:50.389116" elapsed="0.209284"/>
</kw>
<kw name="And I fill foo123 in confirm password text field" owner="register" source_name="I fill ${confirm_pass} in confirm password text field">
<kw name="Input Password" owner="SeleniumLibrary">
<msg time="2024-05-25T19:08:50.600248" level="INFO">Typing password into text field 'id:register-confirm-pass'.</msg>
<msg time="2024-05-25T19:08:50.677947" level="INFO">Temporally setting log level to: NONE</msg>
<arg>${CONFIRM_PASS_TEXT_FIELD}</arg>
<arg>${confirm_pass}</arg>
<doc>Types the given password into the text field identified by ``locator``.</doc>
<status status="PASS" start="2024-05-25T19:08:50.599726" elapsed="0.182320"/>
</kw>
<status status="PASS" start="2024-05-25T19:08:50.599086" elapsed="0.183521"/>
</kw>
<kw name="And I select Pessoa Física in business entity combo box" owner="register" source_name="I select ${business_entity} in business entity combo box">
<kw name="Select From List By Label" owner="SeleniumLibrary">
<msg time="2024-05-25T19:08:50.785086" level="INFO">Selecting options from selection list 'id:register-user-type' by label Pessoa Física.</msg>
<arg>${BUSINESS_ENTITY_COMBOBOX}</arg>
<arg>${business_entity}</arg>
<doc>Selects options from selection list ``locator`` by ``labels``.</doc>
<status status="PASS" start="2024-05-25T19:08:50.784451" elapsed="0.126638"/>
</kw>
<status status="PASS" start="2024-05-25T19:08:50.783587" elapsed="0.127776"/>
</kw>
<kw name="And I accept the terms of use" owner="register">
<kw name="Select Checkbox" owner="SeleniumLibrary">
<msg time="2024-05-25T19:08:50.912958" level="INFO">Selecting checkbox 'id:terms-of-use'.</msg>
<arg>${TERMS_OF_USE_CHECKBOX}</arg>
<doc>Selects the checkbox identified by ``locator``.</doc>
<status status="PASS" start="2024-05-25T19:08:50.912527" elapsed="0.143054"/>
</kw>
<status status="PASS" start="2024-05-25T19:08:50.911947" elapsed="0.143968"/>
</kw>
<kw name="And I submit register form" owner="register">
<kw name="Submit Form" owner="SeleniumLibrary">
<msg time="2024-05-25T19:08:51.057725" level="INFO">Submitting form 'name:register'.</msg>
<arg>${REGISTER_BUTTON}</arg>
<doc>Submits a form identified by ``locator``.</doc>
<status status="PASS" start="2024-05-25T19:08:51.057308" elapsed="0.055668"/>
</kw>
<status status="PASS" start="2024-05-25T19:08:51.056644" elapsed="0.056553"/>
</kw>
<kw name="Then I should see the Lorem ipsum, teu cadastro foi realizado com sucesso! success message" owner="register" source_name="I should see the ${message} success message">
<kw name="Wait Until Page Contains" owner="SeleniumLibrary">
<arg>Lorem ipsum, teu cadastro foi realizado com sucesso!</arg>
<doc>Waits until ``text`` appears on the current page.</doc>
<status status="PASS" start="2024-05-25T19:08:51.114590" elapsed="0.051142"/>
</kw>
<status status="PASS" start="2024-05-25T19:08:51.113935" elapsed="0.052012"/>
</kw>
<kw name="And I should see My Wish List" owner="account">
<kw name="Page Should Contain Link" owner="SeleniumLibrary">
<msg time="2024-05-25T19:08:51.202812" level="INFO">Current page contains link '/my-wish-list'.</msg>
<arg>${MY_WISH_LIST_LINK}</arg>
<doc>Verifies link identified by ``locator`` is found from current page.</doc>
<status status="PASS" start="2024-05-25T19:08:51.166968" elapsed="0.036053"/>
</kw>
<status status="PASS" start="2024-05-25T19:08:51.166502" elapsed="0.036762"/>
</kw>
<kw name="And I should see My Orders" owner="account">
<kw name="Page Should Contain Link" owner="SeleniumLibrary">
<msg time="2024-05-25T19:08:51.243627" level="INFO">Current page contains link '/my-orders'.</msg>
<arg>${MY_ORDERS_LINK}</arg>
<doc>Verifies link identified by ``locator`` is found from current page.</doc>
<status status="PASS" start="2024-05-25T19:08:51.204619" elapsed="0.039238"/>
</kw>
<status status="PASS" start="2024-05-25T19:08:51.203945" elapsed="0.040177"/>
</kw>
<kw name="Close Browser" owner="SeleniumLibrary" type="TEARDOWN">
<doc>Closes the current browser.</doc>
<status status="PASS" start="2024-05-25T19:08:51.244812" elapsed="0.088001"/>
</kw>
<status status="PASS" start="2024-05-25T19:08:45.563083" elapsed="5.770106"/>
</test>
<test id="s1-s1-t2" name="Scenario: Successfully sign in as a juridical person" line="32">
<kw name="Open Browser" owner="SeleniumLibrary" type="SETUP">
<msg time="2024-05-25T19:08:51.336255" level="INFO">Opening browser 'chrome' to base url 'http://127.0.0.1:5173/'.</msg>
<arg>${URL}</arg>
<arg>${BROWSER}</arg>
<doc>Opens a new browser instance to the optional ``url``.</doc>
<status status="PASS" start="2024-05-25T19:08:51.335521" elapsed="2.911763"/>
</kw>
<kw name="Given I am on Bookstore Demo web site" owner="home">
<kw name="Title Should Be" owner="SeleniumLibrary">
<msg time="2024-05-25T19:08:54.260818" level="INFO">Page title is 'Bookstore Demo'.</msg>
<arg>Bookstore Demo</arg>
<doc>Verifies that the current page title equals ``title``.</doc>
<status status="PASS" start="2024-05-25T19:08:54.249301" elapsed="0.011750"/>
</kw>
<status status="PASS" start="2024-05-25T19:08:54.248434" elapsed="0.012899"/>
</kw>
<kw name="And I go to log in or sign in page" owner="menu">
<kw name="Click Link" owner="SeleniumLibrary">
<msg time="2024-05-25T19:08:54.263714" level="INFO">Clicking link 'Minha conta'.</msg>
<arg>${MY_ACCOUNT_BUTTON}</arg>
<doc>Clicks a link identified by ``locator``.</doc>
<status status="PASS" start="2024-05-25T19:08:54.263037" elapsed="0.112668"/>
</kw>
<status status="PASS" start="2024-05-25T19:08:54.262191" elapsed="0.113753"/>
</kw>
<kw name="When I fill Lorem ipsum LTDA in name text field" owner="register" source_name="I fill ${name} in name text field">
<kw name="Input Text" owner="SeleniumLibrary">
<msg time="2024-05-25T19:08:54.378045" level="INFO">Typing text 'Lorem ipsum LTDA' into text field 'id:register-name'.</msg>
<arg>${NAME_TEXT_FIELD}</arg>
<arg>${name}</arg>
<doc>Types the given ``text`` into the text field identified by ``locator``.</doc>
<status status="PASS" start="2024-05-25T19:08:54.377472" elapsed="0.201356"/>
</kw>
<status status="PASS" start="2024-05-25T19:08:54.376673" elapsed="0.202372"/>
</kw>
<kw name="And I fill contact@ipsum.com in e-mail text field" owner="register" source_name="I fill ${mail} in e-mail text field">
<kw name="Input Text" owner="SeleniumLibrary">
<msg time="2024-05-25T19:08:54.580721" level="INFO">Typing text 'contact@ipsum.com' into text field 'id:register-mail'.</msg>
<arg>${MAIL_TEXT_FIELD}</arg>
<arg>${mail}</arg>
<doc>Types the given ``text`` into the text field identified by ``locator``.</doc>
<status status="PASS" start="2024-05-25T19:08:54.580267" elapsed="0.164133"/>
</kw>
<status status="PASS" start="2024-05-25T19:08:54.579691" elapsed="0.164937"/>
</kw>
<kw name="And I fill foo123 in password text field" owner="register" source_name="I fill ${pass} in password text field">
<kw name="Input Password" owner="SeleniumLibrary">
<msg time="2024-05-25T19:08:54.746383" level="INFO">Typing password into text field 'id:register-pass'.</msg>
<msg time="2024-05-25T19:08:54.811202" level="INFO">Temporally setting log level to: NONE</msg>
<arg>${PASS_TEXT_FIELD}</arg>
<arg>${pass}</arg>
<doc>Types the given password into the text field identified by ``locator``.</doc>
<status status="PASS" start="2024-05-25T19:08:54.745870" elapsed="0.141542"/>
</kw>
<status status="PASS" start="2024-05-25T19:08:54.745232" elapsed="0.142369"/>
</kw>
<kw name="And I fill foo123 in confirm password text field" owner="register" source_name="I fill ${confirm_pass} in confirm password text field">
<kw name="Input Password" owner="SeleniumLibrary">
<msg time="2024-05-25T19:08:54.889068" level="INFO">Typing password into text field 'id:register-confirm-pass'.</msg>
<msg time="2024-05-25T19:08:54.960500" level="INFO">Temporally setting log level to: NONE</msg>
<arg>${CONFIRM_PASS_TEXT_FIELD}</arg>
<arg>${confirm_pass}</arg>
<doc>Types the given password into the text field identified by ``locator``.</doc>
<status status="PASS" start="2024-05-25T19:08:54.888651" elapsed="0.151658"/>
</kw>
<status status="PASS" start="2024-05-25T19:08:54.888127" elapsed="0.152393"/>
</kw>
<kw name="And I select Pessoa Jurídica in business entity combo box" owner="register" source_name="I select ${business_entity} in business entity combo box">
<kw name="Select From List By Label" owner="SeleniumLibrary">
<msg time="2024-05-25T19:08:55.042223" level="INFO">Selecting options from selection list 'id:register-user-type' by label Pessoa Jurídica.</msg>
<arg>${BUSINESS_ENTITY_COMBOBOX}</arg>
<arg>${business_entity}</arg>
<doc>Selects options from selection list ``locator`` by ``labels``.</doc>
<status status="PASS" start="2024-05-25T19:08:55.041760" elapsed="0.152841"/>
</kw>
<status status="PASS" start="2024-05-25T19:08:55.041173" elapsed="0.153686"/>
</kw>
<kw name="And I accept the terms of use" owner="register">
<kw name="Select Checkbox" owner="SeleniumLibrary">
<msg time="2024-05-25T19:08:55.196154" level="INFO">Selecting checkbox 'id:terms-of-use'.</msg>
<arg>${TERMS_OF_USE_CHECKBOX}</arg>
<doc>Selects the checkbox identified by ``locator``.</doc>
<status status="PASS" start="2024-05-25T19:08:55.195831" elapsed="0.133669"/>
</kw>
<status status="PASS" start="2024-05-25T19:08:55.195372" elapsed="0.134382"/>
</kw>
<kw name="And I submit register form" owner="register">
<kw name="Submit Form" owner="SeleniumLibrary">
<msg time="2024-05-25T19:08:55.331220" level="INFO">Submitting form 'name:register'.</msg>
<arg>${REGISTER_BUTTON}</arg>
<doc>Submits a form identified by ``locator``.</doc>
<status status="PASS" start="2024-05-25T19:08:55.330835" elapsed="0.054751"/>
</kw>
<status status="PASS" start="2024-05-25T19:08:55.330336" elapsed="0.055433"/>
</kw>
<kw name="Then I should see the Lorem ipsum LTDA, teu cadastro foi realizado com sucesso! success message" owner="register" source_name="I should see the ${message} success message">
<kw name="Wait Until Page Contains" owner="SeleniumLibrary">
<arg>Lorem ipsum, teu cadastro foi realizado com sucesso!</arg>
<doc>Waits until ``text`` appears on the current page.</doc>
<status status="PASS" start="2024-05-25T19:08:55.387271" elapsed="0.045979"/>
</kw>
<status status="PASS" start="2024-05-25T19:08:55.386562" elapsed="0.046963"/>
</kw>
<kw name="And I should see My Wish List" owner="account">
<kw name="Page Should Contain Link" owner="SeleniumLibrary">
<msg time="2024-05-25T19:08:55.476620" level="INFO">Current page contains link '/my-wish-list'.</msg>
<arg>${MY_WISH_LIST_LINK}</arg>
<doc>Verifies link identified by ``locator`` is found from current page.</doc>
<status status="PASS" start="2024-05-25T19:08:55.437898" elapsed="0.038983"/>
</kw>
<status status="PASS" start="2024-05-25T19:08:55.436903" elapsed="0.040182"/>
</kw>
<kw name="And I should see My Orders" owner="account">
<kw name="Page Should Contain Link" owner="SeleniumLibrary">
<msg time="2024-05-25T19:08:55.513647" level="INFO">Current page contains link '/my-orders'.</msg>
<arg>${MY_ORDERS_LINK}</arg>
<doc>Verifies link identified by ``locator`` is found from current page.</doc>
<status status="PASS" start="2024-05-25T19:08:55.478356" elapsed="0.035538"/>
</kw>
<status status="PASS" start="2024-05-25T19:08:55.477723" elapsed="0.036405"/>
</kw>
<kw name="Close Browser" owner="SeleniumLibrary" type="TEARDOWN">
<doc>Closes the current browser.</doc>
<status status="PASS" start="2024-05-25T19:08:55.514876" elapsed="0.074834"/>
</kw>
<status status="PASS" start="2024-05-25T19:08:51.334006" elapsed="4.256164"/>
</test>
<doc>As a e-commerce customer, i wish to make my
registration to the system so i can visualize
my orders and wishlist.</doc>
<status status="PASS" start="2024-05-25T19:08:45.372153" elapsed="10.220146"/>
</suite>
<status status="PASS" start="2024-05-25T19:08:45.330407" elapsed="10.264259"/>
</suite>
<statistics>
<total>
<stat pass="2" fail="0" skip="0">All Tests</stat>
</total>
<tag>
</tag>
<suite>
<stat pass="2" fail="0" skip="0" id="s1" name="Tests">Tests</stat>
<stat pass="2" fail="0" skip="0" id="s1-s1" name="Register Test">Tests.Register Test</stat>
</suite>
</statistics>
<errors>
</errors>
</robot>
